# JRE version: OpenJDK Runtime Environment (17.0.6) (build 17.0.6+0-17.0.6b829.9-10027231)
# Java VM: OpenJDK 64-Bit Server VM (17.0.6+0-17.0.6b829.9-10027231, mixed mode, tiered, compressed oops, compressed class ptrs, g1 gc, bsd-amd64)
GC Precious Log:
 CPUs: 12 total, 12 available
 Memory: 16384M
 Large Page Support: Disabled
 NUMA Support: Disabled
 Compressed Oops: Enabled (Zero based)
 Heap Region Size: 1M
 Heap Min Capacity: 8M
 Heap Initial Capacity: 256M
 Heap Max Capacity: 512M
 Pre-touch: Disabled
 Parallel Workers: 10
 Concurrent Workers: 3
 Concurrent Refinement Workers: 10
 Periodic GC: Disabled
Heap:
 garbage-first heap   total 34816K, used 21105K [0x00000007e0000000, 0x0000000800000000)
  region size 1024K, 13 young (13312K), 2 survivors (2048K)
 Metaspace       used 31267K, committed 31552K, reserved 1081344K
  class space    used 4054K, committed 4224K, reserved 1048576K
GC Heap History (20 events):
Event: 0.900 GC heap before
{Heap before GC invocations=0 (full 0):
 garbage-first heap   total 262144K, used 22528K [0x00000007e0000000, 0x0000000800000000)
  region size 1024K, 23 young (23552K), 0 survivors (0K)
 Metaspace       used 13124K, committed 13376K, reserved 1064960K
  class space    used 1555K, committed 1664K, reserved 1048576K
}
Event: 0.906 GC heap after
{Heap after GC invocations=1 (full 0):
 garbage-first heap   total 262144K, used 6884K [0x00000007e0000000, 0x0000000800000000)
  region size 1024K, 3 young (3072K), 3 survivors (3072K)
 Metaspace       used 13124K, committed 13376K, reserved 1064960K
  class space    used 1555K, committed 1664K, reserved 1048576K
}
Event: 1.649 GC heap before
{Heap before GC invocations=1 (full 0):
 garbage-first heap   total 262144K, used 32484K [0x00000007e0000000, 0x0000000800000000)
  region size 1024K, 27 young (27648K), 3 survivors (3072K)
 Metaspace       used 18662K, committed 18944K, reserved 1073152K
  class space    used 2243K, committed 2368K, reserved 1048576K
}
Event: 1.652 GC heap after
{Heap after GC invocations=2 (full 0):
 garbage-first heap   total 262144K, used 8041K [0x00000007e0000000, 0x0000000800000000)
  region size 1024K, 2 young (2048K), 2 survivors (2048K)
 Metaspace       used 18662K, committed 18944K, reserved 1073152K
  class space    used 2243K, committed 2368K, reserved 1048576K
}
Event: 1.961 GC heap before
{Heap before GC invocations=2 (full 0):
 garbage-first heap   total 262144K, used 24425K [0x00000007e0000000, 0x0000000800000000)
  region size 1024K, 19 young (19456K), 2 survivors (2048K)
 Metaspace       used 21317K, committed 21504K, reserved 1073152K
  class space    used 2710K, committed 2816K, reserved 1048576K
}
Event: 1.962 GC heap after
{Heap after GC invocations=3 (full 0):
 garbage-first heap   total 262144K, used 8516K [0x00000007e0000000, 0x0000000800000000)
  region size 1024K, 2 young (2048K), 2 survivors (2048K)
 Metaspace       used 21317K, committed 21504K, reserved 1073152K
  class space    used 2710K, committed 2816K, reserved 1048576K
}
Event: 2.255 GC heap before
{Heap before GC invocations=4 (full 0):
 garbage-first heap   total 34816K, used 26948K [0x00000007e0000000, 0x0000000800000000)
  region size 1024K, 21 young (21504K), 2 survivors (2048K)
 Metaspace       used 22849K, committed 23040K, reserved 1073152K
  class space    used 2923K, committed 3008K, reserved 1048576K
}
Event: 2.258 GC heap after
{Heap after GC invocations=5 (full 0):
 garbage-first heap   total 34816K, used 8955K [0x00000007e0000000, 0x0000000800000000)
  region size 1024K, 2 young (2048K), 2 survivors (2048K)
 Metaspace       used 22849K, committed 23040K, reserved 1073152K
  class space    used 2923K, committed 3008K, reserved 1048576K
}
Event: 2.503 GC heap before
{Heap before GC invocations=5 (full 0):
 garbage-first heap   total 34816K, used 24315K [0x00000007e0000000, 0x0000000800000000)
  region size 1024K, 17 young (17408K), 2 survivors (2048K)
 Metaspace       used 23732K, committed 23872K, reserved 1073152K
  class space    used 3064K, committed 3136K, reserved 1048576K
}
Event: 2.505 GC heap after
{Heap after GC invocations=6 (full 0):
 garbage-first heap   total 34816K, used 8796K [0x00000007e0000000, 0x0000000800000000)
  region size 1024K, 1 young (1024K), 1 survivors (1024K)
 Metaspace       used 23732K, committed 23872K, reserved 1073152K
  class space    used 3064K, committed 3136K, reserved 1048576K
}
Event: 2.740 GC heap before
{Heap before GC invocations=6 (full 0):
 garbage-first heap   total 34816K, used 24156K [0x00000007e0000000, 0x0000000800000000)
  region size 1024K, 17 young (17408K), 1 survivors (1024K)
 Metaspace       used 25158K, committed 25280K, reserved 1073152K
  class space    used 3277K, committed 3328K, reserved 1048576K
}
Event: 2.742 GC heap after
{Heap after GC invocations=7 (full 0):
 garbage-first heap   total 34816K, used 9173K [0x00000007e0000000, 0x0000000800000000)
  region size 1024K, 2 young (2048K), 2 survivors (2048K)
 Metaspace       used 25158K, committed 25280K, reserved 1073152K
  class space    used 3277K, committed 3328K, reserved 1048576K
}
Event: 2.953 GC heap before
{Heap before GC invocations=7 (full 0):
 garbage-first heap   total 34816K, used 24533K [0x00000007e0000000, 0x0000000800000000)
  region size 1024K, 18 young (18432K), 2 survivors (2048K)
 Metaspace       used 26622K, committed 26816K, reserved 1073152K
  class space    used 3470K, committed 3520K, reserved 1048576K
}
Event: 2.954 GC heap after
{Heap after GC invocations=8 (full 0):
 garbage-first heap   total 34816K, used 9463K [0x00000007e0000000, 0x0000000800000000)
  region size 1024K, 2 young (2048K), 2 survivors (2048K)
 Metaspace       used 26622K, committed 26816K, reserved 1073152K
  class space    used 3470K, committed 3520K, reserved 1048576K
}
Event: 3.149 GC heap before
{Heap before GC invocations=8 (full 0):
 garbage-first heap   total 34816K, used 24823K [0x00000007e0000000, 0x0000000800000000)
  region size 1024K, 18 young (18432K), 2 survivors (2048K)
 Metaspace       used 27835K, committed 28032K, reserved 1081344K
  class space    used 3631K, committed 3712K, reserved 1048576K
}
Event: 3.151 GC heap after
{Heap after GC invocations=9 (full 0):
 garbage-first heap   total 34816K, used 10430K [0x00000007e0000000, 0x0000000800000000)
  region size 1024K, 3 young (3072K), 3 survivors (3072K)
 Metaspace       used 27835K, committed 28032K, reserved 1081344K
  class space    used 3631K, committed 3712K, reserved 1048576K
}
Event: 3.368 GC heap before
{Heap before GC invocations=9 (full 0):
 garbage-first heap   total 34816K, used 25790K [0x00000007e0000000, 0x0000000800000000)
  region size 1024K, 19 young (19456K), 3 survivors (3072K)
 Metaspace       used 29187K, committed 29376K, reserved 1081344K
  class space    used 3805K, committed 3904K, reserved 1048576K
}
Event: 3.371 GC heap after
{Heap after GC invocations=10 (full 0):
 garbage-first heap   total 34816K, used 11306K [0x00000007e0000000, 0x0000000800000000)
  region size 1024K, 3 young (3072K), 3 survivors (3072K)
 Metaspace       used 29187K, committed 29376K, reserved 1081344K
  class space    used 3805K, committed 3904K, reserved 1048576K
}
Event: 3.614 GC heap before
{Heap before GC invocations=10 (full 0):
 garbage-first heap   total 34816K, used 25642K [0x00000007e0000000, 0x0000000800000000)
  region size 1024K, 17 young (17408K), 3 survivors (3072K)
 Metaspace       used 30283K, committed 30464K, reserved 1081344K
  class space    used 3965K, committed 4032K, reserved 1048576K
}
Event: 3.616 GC heap after
{Heap after GC invocations=11 (full 0):
 garbage-first heap   total 34816K, used 11889K [0x00000007e0000000, 0x0000000800000000)
  region size 1024K, 2 young (2048K), 2 survivors (2048K)
 Metaspace       used 30283K, committed 30464K, reserved 1081344K
  class space    used 3965K, committed 4032K, reserved 1048576K
}

