# JRE version: OpenJDK Runtime Environment (17.0.6) (build 17.0.6+0-17.0.6b829.9-10027231)
# Java VM: OpenJDK 64-Bit Server VM (17.0.6+0-17.0.6b829.9-10027231, mixed mode, tiered, compressed oops, compressed class ptrs, g1 gc, bsd-amd64)
GC Precious Log:
 CPUs: 12 total, 12 available
 Memory: 16384M
 Large Page Support: Disabled
 NUMA Support: Disabled
 Compressed Oops: Enabled (Zero based)
 Heap Region Size: 1M
 Heap Min Capacity: 8M
 Heap Initial Capacity: 256M
 Heap Max Capacity: 512M
 Pre-touch: Disabled
 Parallel Workers: 10
 Concurrent Workers: 3
 Concurrent Refinement Workers: 10
 Periodic GC: Disabled
Heap:
 garbage-first heap   total 150528K, used 29967K [0x00000007e0000000, 0x0000000800000000)
  region size 1024K, 22 young (22528K), 2 survivors (2048K)
 Metaspace       used 29410K, committed 29632K, reserved 1081344K
  class space    used 3890K, committed 4032K, reserved 1048576K
GC Heap History (18 events):
Event: 0.706 GC heap before
{Heap before GC invocations=0 (full 0):
 garbage-first heap   total 262144K, used 22528K [0x00000007e0000000, 0x0000000800000000)
  region size 1024K, 23 young (23552K), 0 survivors (0K)
 Metaspace       used 13073K, committed 13248K, reserved 1064960K
  class space    used 1555K, committed 1664K, reserved 1048576K
}
Event: 0.711 GC heap after
{Heap after GC invocations=1 (full 0):
 garbage-first heap   total 262144K, used 6716K [0x00000007e0000000, 0x0000000800000000)
  region size 1024K, 3 young (3072K), 3 survivors (3072K)
 Metaspace       used 13073K, committed 13248K, reserved 1064960K
  class space    used 1555K, committed 1664K, reserved 1048576K
}
Event: 1.405 GC heap before
{Heap before GC invocations=1 (full 0):
 garbage-first heap   total 262144K, used 29244K [0x00000007e0000000, 0x0000000800000000)
  region size 1024K, 26 young (26624K), 3 survivors (3072K)
 Metaspace       used 18344K, committed 18496K, reserved 1064960K
  class space    used 2422K, committed 2496K, reserved 1048576K
}
Event: 1.407 GC heap after
{Heap after GC invocations=2 (full 0):
 garbage-first heap   total 262144K, used 8364K [0x00000007e0000000, 0x0000000800000000)
  region size 1024K, 2 young (2048K), 2 survivors (2048K)
 Metaspace       used 18344K, committed 18496K, reserved 1064960K
  class space    used 2422K, committed 2496K, reserved 1048576K
}
Event: 1.638 GC heap before
{Heap before GC invocations=2 (full 0):
 garbage-first heap   total 262144K, used 27820K [0x00000007e0000000, 0x0000000800000000)
  region size 1024K, 20 young (20480K), 2 survivors (2048K)
 Metaspace       used 21239K, committed 21504K, reserved 1073152K
  class space    used 2845K, committed 3008K, reserved 1048576K
}
Event: 1.640 GC heap after
{Heap after GC invocations=3 (full 0):
 garbage-first heap   total 262144K, used 9731K [0x00000007e0000000, 0x0000000800000000)
  region size 1024K, 2 young (2048K), 2 survivors (2048K)
 Metaspace       used 21239K, committed 21504K, reserved 1073152K
  class space    used 2845K, committed 3008K, reserved 1048576K
}
Event: 1.978 GC heap before
{Heap before GC invocations=4 (full 0):
 garbage-first heap   total 37888K, used 29187K [0x00000007e0000000, 0x0000000800000000)
  region size 1024K, 22 young (22528K), 2 survivors (2048K)
 Metaspace       used 23642K, committed 23872K, reserved 1073152K
  class space    used 3104K, committed 3264K, reserved 1048576K
}
Event: 1.981 GC heap after
{Heap after GC invocations=5 (full 0):
 garbage-first heap   total 37888K, used 9748K [0x00000007e0000000, 0x0000000800000000)
  region size 1024K, 3 young (3072K), 3 survivors (3072K)
 Metaspace       used 23642K, committed 23872K, reserved 1073152K
  class space    used 3104K, committed 3264K, reserved 1048576K
}
Event: 2.004 GC heap before
{Heap before GC invocations=5 (full 0):
 garbage-first heap   total 37888K, used 10772K [0x00000007e0000000, 0x0000000800000000)
  region size 1024K, 4 young (4096K), 3 survivors (3072K)
 Metaspace       used 23738K, committed 24000K, reserved 1073152K
  class space    used 3108K, committed 3264K, reserved 1048576K
}
Event: 2.006 GC heap after
{Heap after GC invocations=6 (full 0):
 garbage-first heap   total 37888K, used 9292K [0x00000007e0000000, 0x0000000800000000)
  region size 1024K, 1 young (1024K), 1 survivors (1024K)
 Metaspace       used 23738K, committed 24000K, reserved 1073152K
  class space    used 3108K, committed 3264K, reserved 1048576K
}
Event: 2.218 GC heap before
{Heap before GC invocations=6 (full 0):
 garbage-first heap   total 37888K, used 26700K [0x00000007e0000000, 0x0000000800000000)
  region size 1024K, 18 young (18432K), 1 survivors (1024K)
 Metaspace       used 24646K, committed 24960K, reserved 1073152K
  class space    used 3249K, committed 3392K, reserved 1048576K
}
Event: 2.219 GC heap after
{Heap after GC invocations=7 (full 0):
 garbage-first heap   total 37888K, used 9194K [0x00000007e0000000, 0x0000000800000000)
  region size 1024K, 1 young (1024K), 1 survivors (1024K)
 Metaspace       used 24646K, committed 24960K, reserved 1073152K
  class space    used 3249K, committed 3392K, reserved 1048576K
}
Event: 2.467 GC heap before
{Heap before GC invocations=8 (full 0):
 garbage-first heap   total 37888K, used 25578K [0x00000007e0000000, 0x0000000800000000)
  region size 1024K, 18 young (18432K), 1 survivors (1024K)
 Metaspace       used 26071K, committed 26304K, reserved 1073152K
  class space    used 3463K, committed 3584K, reserved 1048576K
}
Event: 2.468 GC heap after
{Heap after GC invocations=9 (full 0):
 garbage-first heap   total 37888K, used 9517K [0x00000007e0000000, 0x0000000800000000)
  region size 1024K, 1 young (1024K), 1 survivors (1024K)
 Metaspace       used 26071K, committed 26304K, reserved 1073152K
  class space    used 3463K, committed 3584K, reserved 1048576K
}
Event: 2.476 GC heap before
{Heap before GC invocations=9 (full 0):
 garbage-first heap   total 37888K, used 10541K [0x00000007e0000000, 0x0000000800000000)
  region size 1024K, 2 young (2048K), 1 survivors (1024K)
 Metaspace       used 26168K, committed 26368K, reserved 1073152K
  class space    used 3473K, committed 3584K, reserved 1048576K
}
Event: 2.477 GC heap after
{Heap after GC invocations=10 (full 0):
 garbage-first heap   total 37888K, used 9546K [0x00000007e0000000, 0x0000000800000000)
  region size 1024K, 1 young (1024K), 1 survivors (1024K)
 Metaspace       used 26168K, committed 26368K, reserved 1073152K
  class space    used 3473K, committed 3584K, reserved 1048576K
}
Event: 2.663 GC heap before
{Heap before GC invocations=10 (full 0):
 garbage-first heap   total 37888K, used 27978K [0x00000007e0000000, 0x0000000800000000)
  region size 1024K, 19 young (19456K), 1 survivors (1024K)
 Metaspace       used 27746K, committed 27968K, reserved 1073152K
  class space    used 3664K, committed 3776K, reserved 1048576K
}
Event: 2.665 GC heap after
{Heap after GC invocations=11 (full 0):
 garbage-first heap   total 150528K, used 10511K [0x00000007e0000000, 0x0000000800000000)
  region size 1024K, 2 young (2048K), 2 survivors (2048K)
 Metaspace       used 27746K, committed 27968K, reserved 1073152K
  class space    used 3664K, committed 3776K, reserved 1048576K
}

