# JRE version: OpenJDK Runtime Environment (17.0.6) (build 17.0.6+0-17.0.6b829.9-10027231)
# Java VM: OpenJDK 64-Bit Server VM (17.0.6+0-17.0.6b829.9-10027231, mixed mode, tiered, compressed oops, compressed class ptrs, g1 gc, bsd-amd64)
GC Precious Log:
 CPUs: 12 total, 12 available
 Memory: 16384M
 Large Page Support: Disabled
 NUMA Support: Disabled
 Compressed Oops: Enabled (Zero based)
 Heap Region Size: 1M
 Heap Min Capacity: 8M
 Heap Initial Capacity: 256M
 Heap Max Capacity: 512M
 Pre-touch: Disabled
 Parallel Workers: 10
 Concurrent Workers: 3
 Concurrent Refinement Workers: 10
 Periodic GC: Disabled
Heap:
 garbage-first heap   total 150528K, used 29924K [0x00000007e0000000, 0x0000000800000000)
  region size 1024K, 22 young (22528K), 2 survivors (2048K)
 Metaspace       used 29406K, committed 29632K, reserved 1081344K
  class space    used 3893K, committed 4032K, reserved 1048576K
GC Heap History (18 events):
Event: 0.724 GC heap before
{Heap before GC invocations=0 (full 0):
 garbage-first heap   total 262144K, used 22528K [0x00000007e0000000, 0x0000000800000000)
  region size 1024K, 23 young (23552K), 0 survivors (0K)
 Metaspace       used 13071K, committed 13248K, reserved 1064960K
  class space    used 1555K, committed 1664K, reserved 1048576K
}
Event: 0.728 GC heap after
{Heap after GC invocations=1 (full 0):
 garbage-first heap   total 262144K, used 6948K [0x00000007e0000000, 0x0000000800000000)
  region size 1024K, 3 young (3072K), 3 survivors (3072K)
 Metaspace       used 13071K, committed 13248K, reserved 1064960K
  class space    used 1555K, committed 1664K, reserved 1048576K
}
Event: 1.425 GC heap before
{Heap before GC invocations=1 (full 0):
 garbage-first heap   total 262144K, used 30500K [0x00000007e0000000, 0x0000000800000000)
  region size 1024K, 27 young (27648K), 3 survivors (3072K)
 Metaspace       used 18513K, committed 18688K, reserved 1073152K
  class space    used 2450K, committed 2560K, reserved 1048576K
}
Event: 1.428 GC heap after
{Heap after GC invocations=2 (full 0):
 garbage-first heap   total 262144K, used 8298K [0x00000007e0000000, 0x0000000800000000)
  region size 1024K, 2 young (2048K), 2 survivors (2048K)
 Metaspace       used 18513K, committed 18688K, reserved 1073152K
  class space    used 2450K, committed 2560K, reserved 1048576K
}
Event: 1.656 GC heap before
{Heap before GC invocations=2 (full 0):
 garbage-first heap   total 262144K, used 26730K [0x00000007e0000000, 0x0000000800000000)
  region size 1024K, 19 young (19456K), 2 survivors (2048K)
 Metaspace       used 21238K, committed 21504K, reserved 1073152K
  class space    used 2846K, committed 3008K, reserved 1048576K
}
Event: 1.657 GC heap after
{Heap after GC invocations=3 (full 0):
 garbage-first heap   total 262144K, used 9766K [0x00000007e0000000, 0x0000000800000000)
  region size 1024K, 2 young (2048K), 2 survivors (2048K)
 Metaspace       used 21238K, committed 21504K, reserved 1073152K
  class space    used 2846K, committed 3008K, reserved 1048576K
}
Event: 1.981 GC heap before
{Heap before GC invocations=4 (full 0):
 garbage-first heap   total 37888K, used 29222K [0x00000007e0000000, 0x0000000800000000)
  region size 1024K, 22 young (22528K), 2 survivors (2048K)
 Metaspace       used 23660K, committed 23936K, reserved 1073152K
  class space    used 3105K, committed 3264K, reserved 1048576K
}
Event: 1.985 GC heap after
{Heap after GC invocations=5 (full 0):
 garbage-first heap   total 37888K, used 9783K [0x00000007e0000000, 0x0000000800000000)
  region size 1024K, 2 young (2048K), 2 survivors (2048K)
 Metaspace       used 23660K, committed 23936K, reserved 1073152K
  class space    used 3105K, committed 3264K, reserved 1048576K
}
Event: 2.010 GC heap before
{Heap before GC invocations=5 (full 0):
 garbage-first heap   total 37888K, used 10807K [0x00000007e0000000, 0x0000000800000000)
  region size 1024K, 3 young (3072K), 2 survivors (2048K)
 Metaspace       used 23753K, committed 24000K, reserved 1073152K
  class space    used 3110K, committed 3264K, reserved 1048576K
}
Event: 2.012 GC heap after
{Heap after GC invocations=6 (full 0):
 garbage-first heap   total 37888K, used 9248K [0x00000007e0000000, 0x0000000800000000)
  region size 1024K, 1 young (1024K), 1 survivors (1024K)
 Metaspace       used 23753K, committed 24000K, reserved 1073152K
  class space    used 3110K, committed 3264K, reserved 1048576K
}
Event: 2.216 GC heap before
{Heap before GC invocations=6 (full 0):
 garbage-first heap   total 37888K, used 25632K [0x00000007e0000000, 0x0000000800000000)
  region size 1024K, 17 young (17408K), 1 survivors (1024K)
 Metaspace       used 24552K, committed 24832K, reserved 1073152K
  class space    used 3230K, committed 3392K, reserved 1048576K
}
Event: 2.217 GC heap after
{Heap after GC invocations=7 (full 0):
 garbage-first heap   total 37888K, used 9198K [0x00000007e0000000, 0x0000000800000000)
  region size 1024K, 1 young (1024K), 1 survivors (1024K)
 Metaspace       used 24552K, committed 24832K, reserved 1073152K
  class space    used 3230K, committed 3392K, reserved 1048576K
}
Event: 2.576 GC heap before
{Heap before GC invocations=8 (full 0):
 garbage-first heap   total 37888K, used 26606K [0x00000007e0000000, 0x0000000800000000)
  region size 1024K, 18 young (18432K), 1 survivors (1024K)
 Metaspace       used 26059K, committed 26304K, reserved 1073152K
  class space    used 3458K, committed 3584K, reserved 1048576K
}
Event: 2.577 GC heap after
{Heap after GC invocations=9 (full 0):
 garbage-first heap   total 37888K, used 9565K [0x00000007e0000000, 0x0000000800000000)
  region size 1024K, 1 young (1024K), 1 survivors (1024K)
 Metaspace       used 26059K, committed 26304K, reserved 1073152K
  class space    used 3458K, committed 3584K, reserved 1048576K
}
Event: 2.587 GC heap before
{Heap before GC invocations=9 (full 0):
 garbage-first heap   total 37888K, used 10589K [0x00000007e0000000, 0x0000000800000000)
  region size 1024K, 2 young (2048K), 1 survivors (1024K)
 Metaspace       used 26126K, committed 26368K, reserved 1073152K
  class space    used 3467K, committed 3584K, reserved 1048576K
}
Event: 2.588 GC heap after
{Heap after GC invocations=10 (full 0):
 garbage-first heap   total 37888K, used 9524K [0x00000007e0000000, 0x0000000800000000)
  region size 1024K, 1 young (1024K), 1 survivors (1024K)
 Metaspace       used 26126K, committed 26368K, reserved 1073152K
  class space    used 3467K, committed 3584K, reserved 1048576K
}
Event: 2.762 GC heap before
{Heap before GC invocations=10 (full 0):
 garbage-first heap   total 37888K, used 27956K [0x00000007e0000000, 0x0000000800000000)
  region size 1024K, 19 young (19456K), 1 survivors (1024K)
 Metaspace       used 27750K, committed 27968K, reserved 1073152K
  class space    used 3662K, committed 3776K, reserved 1048576K
}
Event: 2.764 GC heap after
{Heap after GC invocations=11 (full 0):
 garbage-first heap   total 150528K, used 10468K [0x00000007e0000000, 0x0000000800000000)
  region size 1024K, 2 young (2048K), 2 survivors (2048K)
 Metaspace       used 27750K, committed 27968K, reserved 1073152K
  class space    used 3662K, committed 3776K, reserved 1048576K
}

